
[30/06/2016 23:14:37]: Novo login no sistema, ID: null
[30/06/2016 23:32:19]: Novo login no sistema, ID: null
[30/06/2016 23:32:21]: Usuário acessou tela de cadastro de imóveis.
[30/06/2016 23:32:50]: Novo imóvel cadastrado.
[30/06/2016 23:35:26]: Novo login no sistema, ID: null
[30/06/2016 23:35:28]: Usuário acessou tela de cadastro de imóveis.
[30/06/2016 23:35:48]: Novo imóvel cadastrado.
[30/06/2016 23:44:27]: Novo login no sistema, ID: null
[30/06/2016 23:44:29]: Usuário acessou tela de cadastro de cliente.
[30/06/2016 23:44:32]: Novo cliente cadastrado.
[30/06/2016 23:50:02]: Usuário acessou tela de cadastro de empreiteiras.
[30/06/2016 23:50:13]: Nova empreiteira cadastrada.
[01/07/2016 13:03:27]: Novo login no sistema, ID: null
[01/07/2016 13:03:39]: Novo login no sistema, ID: null
[01/07/2016 13:03:41]: Usuário acessou tela de cadastro de cliente.
[01/07/2016 13:08:44]: Novo login no sistema, ID: null
[01/07/2016 13:08:57]: Usuário acessou tela de cadastro de cliente.
[01/07/2016 13:09:44]: Novo login no sistema, ID: null
[01/07/2016 13:09:46]: Usuário acessou tela de cadastro de cliente.
[01/07/2016 13:15:31]: Novo login no sistema, ID: null
[01/07/2016 13:16:51]: Novo login no sistema, ID: null
[01/07/2016 13:20:51]: Novo login no sistema, ID: null
[01/07/2016 13:21:04]: Usuário acessou tela de cadastro de imóveis.
[01/07/2016 13:21:28]: Novo login no sistema, ID: null
[01/07/2016 13:21:29]: Usuário acessou tela de cadastro de cliente.
[01/07/2016 13:26:11]: Novo login no sistema, ID: null
[01/07/2016 13:26:13]: Usuário acessou tela de cadastro de cliente.
[01/07/2016 13:26:55]: Novo login no sistema, ID: null
[01/07/2016 13:26:57]: Usuário acessou tela de cadastro de cliente.
[01/07/2016 13:27:15]: Novo login no sistema, ID: null
[01/07/2016 13:27:17]: Usuário acessou tela de cadastro de cliente.
[01/07/2016 13:27:59]: Novo login no sistema, ID: null
[01/07/2016 13:28:01]: Usuário acessou tela de cadastro de cliente.
[01/07/2016 13:29:18]: Novo login no sistema, ID: null
[01/07/2016 13:29:20]: Usuário acessou tela de cadastro de cliente.
[01/07/2016 13:29:57]: Novo login no sistema, ID: null
[01/07/2016 13:29:58]: Usuário acessou tela de cadastro de cliente.
[01/07/2016 13:35:41]: Novo login no sistema, ID: null
[01/07/2016 13:35:42]: Usuário acessou tela de cadastro de cliente.
[01/07/2016 13:42:15]: Novo login no sistema, ID: null
[01/07/2016 13:42:16]: Usuário acessou tela de cadastro de cliente.
[01/07/2016 13:43:10]: Novo login no sistema, ID: null
[01/07/2016 13:43:13]: Usuário acessou tela de cadastro de cliente.
[01/07/2016 13:44:42]: Novo login no sistema, ID: null
[01/07/2016 14:20:14]: Novo login no sistema, ID: null
[01/07/2016 14:20:16]: Usuário acessou tela de cadastro de cliente.
[01/07/2016 14:20:26]: Usuário acessou tela de cadastro de imóveis.
[01/07/2016 14:21:01]: Usuário acessou tela de cadastro de empreiteiras.
[01/07/2016 14:21:21]: Usuário acessou tela de cadastro de imóveis.
[01/07/2016 14:31:37]: Novo login no sistema, ID: null
[01/07/2016 14:31:38]: Usuário acessou tela de cadastro de cliente.
[01/07/2016 14:32:03]: Novo login no sistema, ID: null
[01/07/2016 14:32:05]: Usuário acessou tela de cadastro de cliente.
[01/07/2016 14:32:12]: Cadastro de cliente: Fabricio removido.
[01/07/2016 14:34:13]: Novo login no sistema, ID: null
[01/07/2016 14:34:15]: Usuário acessou tela de cadastro de cliente.
[01/07/2016 14:34:32]: Cadastro de cliente: Guilherme removido.
[01/07/2016 14:38:50]: Novo login no sistema, ID: null
[01/07/2016 14:38:51]: Usuário acessou tela de cadastro de cliente.
[01/07/2016 14:38:53]: Cadastro de cliente: Ana removido.
[01/07/2016 14:39:24]: Novo login no sistema, ID: null
[01/07/2016 14:39:25]: Usuário acessou tela de cadastro de imóveis.
[01/07/2016 14:40:41]: Novo login no sistema, ID: null
[01/07/2016 14:40:46]: Usuário acessou tela de cadastro de imóveis.
[01/07/2016 14:40:50]: Cadastro de imóvel: Endereço sdwsr, 224 removido.
[01/07/2016 14:40:56]: Usuário acessou tela de cadastro de empreiteiras.
[01/07/2016 14:45:12]: Novo login no sistema, ID: null
[01/07/2016 14:46:30]: Novo login no sistema, ID: null
[01/07/2016 14:46:39]: Usuário acessou tela de cadastro de cliente.
[01/07/2016 14:46:43]: Usuário acessou tela de cadastro de imóveis.
[01/07/2016 14:46:47]: Usuário acessou tela de cadastro de empreiteiras.
[01/07/2016 14:52:18]: Novo login no sistema, ID: null
[01/07/2016 14:53:02]: Novo login no sistema, ID: null
[01/07/2016 14:53:04]: Usuário acessou tela de cadastro de cliente.
[01/07/2016 14:57:55]: Novo login no sistema, ID: null
[01/07/2016 14:57:57]: Usuário acessou tela de cadastro de imóveis.
[01/07/2016 14:59:06]: Novo login no sistema, ID: null
[01/07/2016 14:59:07]: Usuário acessou tela de cadastro de imóveis.
[01/07/2016 15:03:22]: Novo login no sistema, ID: null
[01/07/2016 15:03:24]: Usuário acessou tela de cadastro de cliente.
[01/07/2016 15:04:33]: Novo login no sistema, ID: null
[01/07/2016 15:04:34]: Usuário acessou tela de cadastro de cliente.
[01/07/2016 15:06:05]: Novo login no sistema, ID: null
[01/07/2016 15:07:24]: Novo login no sistema, ID: null
[01/07/2016 15:07:25]: Usuário acessou tela de cadastro de cliente.
[01/07/2016 15:07:29]: Cadastro de cliente: Ana Desgraçada removido.
[01/07/2016 15:08:58]: Novo login no sistema, ID: null
[01/07/2016 15:09:00]: Usuário acessou tela de cadastro de cliente.
[01/07/2016 15:09:42]: Novo login no sistema, ID: null
[01/07/2016 15:09:43]: Usuário acessou tela de cadastro de cliente.
[01/07/2016 15:09:46]: Usuário acessou tela de cadastro de cliente.
[01/07/2016 15:09:51]: Usuário acessou tela de cadastro de imóveis.
[01/07/2016 15:09:57]: Usuário acessou tela de cadastro de empreiteiras.
[01/07/2016 15:43:34]: Novo login no sistema, ID: null
[01/07/2016 15:43:36]: Usuário acessou tela de cadastro de cliente.
[01/07/2016 15:43:51]: Cliente: 1, Ana atualizado!
[01/07/2016 15:43:53]: Usuário acessou tela de cadastro de cliente.
[01/07/2016 15:46:00]: Novo login no sistema, ID: null
[01/07/2016 15:46:02]: Usuário acessou tela de cadastro de cliente.
[01/07/2016 15:46:07]: Cliente: 1, Ana atualizado!
[01/07/2016 15:47:16]: Novo login no sistema, ID: null
[01/07/2016 15:47:18]: Usuário acessou tela de cadastro de cliente.
[01/07/2016 15:47:22]: Cliente: 1, Ana atualizado!
[01/07/2016 15:48:55]: Novo login no sistema, ID: null
[01/07/2016 15:48:56]: Usuário acessou tela de cadastro de cliente.
[01/07/2016 15:48:59]: Cliente: 1, Ana atualizado!
[01/07/2016 15:49:43]: Novo login no sistema, ID: null
[01/07/2016 15:49:45]: Usuário acessou tela de cadastro de cliente.
[01/07/2016 15:49:51]: Cliente: 1, Ana atualizado!
[01/07/2016 15:55:57]: Novo login no sistema, ID: null
[01/07/2016 15:55:58]: Usuário acessou tela de cadastro de cliente.
[01/07/2016 15:56:14]: Cliente: 5, Teste atualizado!
[01/07/2016 15:59:47]: Novo login no sistema, ID: null
[01/07/2016 15:59:49]: Usuário acessou tela de cadastro de cliente.
[01/07/2016 15:59:53]: Cliente: 5, teste 2 atualizado!
[01/07/2016 16:00:31]: Novo login no sistema, ID: null
[01/07/2016 16:00:33]: Usuário acessou tela de cadastro de cliente.
[01/07/2016 16:00:38]: Cliente: 5, teste 2 atualizado!
[01/07/2016 16:01:22]: Novo login no sistema, ID: null
[01/07/2016 16:01:23]: Usuário acessou tela de cadastro de cliente.
[01/07/2016 16:01:26]: Cliente: 5, teste 2 atualizado!
[01/07/2016 16:02:45]: Novo login no sistema, ID: null
[01/07/2016 16:02:46]: Usuário acessou tela de cadastro de cliente.
[01/07/2016 16:02:49]: Cliente: 5, teste 2 atualizado!
[01/07/2016 16:05:35]: Novo login no sistema, ID: null
[01/07/2016 16:05:36]: Usuário acessou tela de cadastro de cliente.
[01/07/2016 16:07:14]: Novo login no sistema, ID: null
[01/07/2016 16:07:15]: Usuário acessou tela de cadastro de cliente.
[01/07/2016 16:07:38]: Cliente: 1, Anasdf atualizado!
[01/07/2016 16:11:17]: Novo login no sistema, ID: null
[01/07/2016 16:11:19]: Usuário acessou tela de cadastro de cliente.
[01/07/2016 16:11:57]: Cliente: 5, teste 2 atualizado!
[01/07/2016 16:12:20]: Cliente: 5, Eu atualizado!
[01/07/2016 16:13:13]: Novo login no sistema, ID: null
[01/07/2016 16:13:15]: Usuário acessou tela de cadastro de cliente.
[01/07/2016 16:13:32]: Cliente: 1, Anasdf atualizado!
[01/07/2016 16:13:37]: Cliente: 1, Anasdf atualizado!
[01/07/2016 16:13:42]: Cliente: 1, Anasdf atualizado!
[01/07/2016 16:16:22]: Novo login no sistema, ID: null
[01/07/2016 16:16:23]: Usuário acessou tela de cadastro de cliente.
[01/07/2016 16:16:44]: Cliente: 1, Ana atualizado!
[01/07/2016 16:17:05]: Cliente: 5, Teste 2 atualizado!
[01/07/2016 16:26:14]: Novo login no sistema, ID: null
[01/07/2016 16:26:15]: Usuário acessou tela de cadastro de cliente.
[01/07/2016 16:26:21]: Usuário acessou tela de cadastro de imóveis.
[01/07/2016 16:26:47]: Usuário acessou tela de cadastro de empreiteiras.
[01/07/2016 16:28:55]: Novo login no sistema, ID: null
[01/07/2016 16:28:57]: Usuário acessou tela de cadastro de imóveis.
[01/07/2016 16:28:58]: Novo imóvel cadastrado.
[01/07/2016 16:29:05]: Novo imóvel cadastrado.
[01/07/2016 16:29:20]: Usuário acessou tela de cadastro de empreiteiras.
[01/07/2016 16:29:36]: Nova empreiteira cadastrada.
[01/07/2016 16:30:24]: Novo login no sistema, ID: null
[01/07/2016 16:30:25]: Usuário acessou tela de cadastro de empreiteiras.
[01/07/2016 16:30:31]: Nova empreiteira cadastrada.
[01/07/2016 16:33:34]: Novo login no sistema, ID: null
[01/07/2016 16:33:36]: Usuário acessou tela de cadastro de imóveis.
[01/07/2016 16:33:38]: Novo imóvel cadastrado.
[01/07/2016 16:34:05]: Novo login no sistema, ID: null
[01/07/2016 16:34:07]: Usuário acessou tela de cadastro de imóveis.
[01/07/2016 16:34:11]: Novo imóvel cadastrado.
[01/07/2016 16:34:17]: Novo imóvel cadastrado.
[01/07/2016 16:34:32]: Novo imóvel cadastrado.
[01/07/2016 16:36:46]: Novo login no sistema, ID: null
[01/07/2016 16:36:47]: Usuário acessou tela de cadastro de imóveis.
[01/07/2016 16:36:59]: Novo imóvel cadastrado.
[01/07/2016 16:37:18]: Novo imóvel cadastrado.
[01/07/2016 16:37:25]: Novo imóvel cadastrado.
[01/07/2016 16:39:16]: Novo login no sistema, ID: null
[01/07/2016 16:39:23]: Usuário acessou tela de cadastro de imóveis.
[01/07/2016 16:39:32]: Novo imóvel cadastrado.
[01/07/2016 16:39:39]: Novo imóvel cadastrado.
[01/07/2016 16:39:58]: Novo login no sistema, ID: null
[01/07/2016 16:40:12]: Usuário acessou tela de cadastro de imóveis.
[01/07/2016 16:40:19]: Novo imóvel cadastrado.
[01/07/2016 16:43:39]: Novo login no sistema, ID: null
[01/07/2016 16:43:42]: Usuário acessou tela de cadastro de imóveis.
[01/07/2016 16:43:48]: Novo imóvel cadastrado.
[01/07/2016 16:43:53]: Novo imóvel cadastrado.
[01/07/2016 16:44:07]: Novo login no sistema, ID: null
[01/07/2016 16:44:09]: Usuário acessou tela de cadastro de imóveis.
[01/07/2016 16:44:13]: Novo imóvel cadastrado.
[01/07/2016 16:44:20]: Novo imóvel cadastrado.
[01/07/2016 16:46:27]: Novo login no sistema, ID: null
[01/07/2016 16:46:29]: Usuário acessou tela de cadastro de cliente.
[01/07/2016 16:46:31]: Usuário acessou tela de cadastro de imóveis.
[01/07/2016 16:46:35]: Novo imóvel cadastrado.
[01/07/2016 16:46:48]: Novo imóvel cadastrado.
[01/07/2016 16:46:53]: Novo imóvel cadastrado.
[01/07/2016 16:47:00]: Novo imóvel cadastrado.
[01/07/2016 16:47:08]: Novo imóvel cadastrado.
[01/07/2016 16:47:15]: Novo imóvel cadastrado.
[01/07/2016 16:47:24]: Novo imóvel cadastrado.
[01/07/2016 19:03:04]: Novo login no sistema, ID: null
[01/07/2016 19:03:06]: Usuário acessou tela de cadastro de cliente.
[01/07/2016 19:06:11]: Novo login no sistema, ID: null
[01/07/2016 19:06:13]: Usuário acessou tela de cadastro de cliente.
[01/07/2016 19:06:29]: Cliente: 5, Teste eerterte atualizado!
[01/07/2016 19:06:38]: Cliente: 5, Teetertereerterte atualizado!
[01/07/2016 19:12:52]: Novo login no sistema, ID: null
[01/07/2016 19:12:59]: Usuário acessou tela de cadastro de cliente.
[01/07/2016 19:13:22]: Novo login no sistema, ID: null
[01/07/2016 19:13:24]: Usuário acessou tela de cadastro de cliente.
[01/07/2016 19:14:41]: Novo login no sistema, ID: null
[01/07/2016 19:14:43]: Usuário acessou tela de cadastro de empreiteiras.
[01/07/2016 19:14:53]: Novo login no sistema, ID: null
[01/07/2016 19:14:56]: Usuário acessou tela de cadastro de empreiteiras.
[01/07/2016 19:17:12]: Novo login no sistema, ID: null
[01/07/2016 19:17:14]: Usuário acessou tela de cadastro de empreiteiras.
[01/07/2016 19:17:48]: Novo login no sistema, ID: null
[01/07/2016 19:17:50]: Usuário acessou tela de cadastro de cliente.
[01/07/2016 19:18:17]: Novo login no sistema, ID: null
[01/07/2016 19:18:19]: Usuário acessou tela de cadastro de cliente.
[01/07/2016 19:19:26]: Novo login no sistema, ID: null
[01/07/2016 19:19:28]: Usuário acessou tela de cadastro de cliente.
[01/07/2016 19:19:36]: Usuário acessou tela de cadastro de imóveis.
[01/07/2016 19:19:42]: Usuário acessou tela de cadastro de empreiteiras.
[01/07/2016 19:19:51]: Novo login no sistema, ID: null
[01/07/2016 19:19:53]: Usuário acessou tela de cadastro de cliente.
[01/07/2016 19:21:02]: Novo login no sistema, ID: null
[01/07/2016 19:23:18]: Novo login no sistema, ID: null
[01/07/2016 19:23:19]: Usuário acessou tela de cadastro de cliente.
[01/07/2016 19:23:22]: Usuário acessou tela de cadastro de imóveis.
[01/07/2016 19:23:24]: Usuário acessou tela de cadastro de empreiteiras.
[01/07/2016 19:24:45]: Novo login no sistema, ID: null
[01/07/2016 19:24:47]: Usuário acessou tela de cadastro de cliente.
[01/07/2016 19:25:45]: Novo login no sistema, ID: null
[01/07/2016 19:25:48]: Usuário acessou tela de cadastro de cliente.
[01/07/2016 19:26:46]: Novo login no sistema, ID: null
[01/07/2016 19:26:49]: Usuário acessou tela de cadastro de cliente.
[01/07/2016 19:27:23]: Novo login no sistema, ID: null
[01/07/2016 19:27:32]: Usuário acessou tela de cadastro de cliente.
[01/07/2016 19:29:07]: Novo login no sistema, ID: null
[01/07/2016 19:29:09]: Usuário acessou tela de cadastro de imóveis.
[01/07/2016 19:29:09]: Novo imóvel cadastrado.
[01/07/2016 19:29:11]: Novo imóvel cadastrado.
[01/07/2016 19:29:11]: Novo imóvel cadastrado.
[01/07/2016 19:29:16]: Usuário acessou tela de cadastro de cliente.
[01/07/2016 19:29:19]: Usuário acessou tela de cadastro de cliente.
[01/07/2016 19:29:22]: Usuário acessou tela de cadastro de empreiteiras.
[01/07/2016 19:32:24]: Novo login no sistema, ID: null
[01/07/2016 19:32:25]: Usuário acessou tela de cadastro de cliente.
[01/07/2016 19:33:59]: Novo login no sistema, ID: null
[01/07/2016 19:34:01]: Usuário acessou tela de cadastro de cliente.
[01/07/2016 19:34:34]: Novo login no sistema, ID: null
[01/07/2016 19:34:36]: Usuário acessou tela de cadastro de cliente.
[01/07/2016 19:35:07]: Novo login no sistema, ID: null
[01/07/2016 19:35:08]: Usuário acessou tela de cadastro de cliente.
[01/07/2016 19:36:01]: Novo login no sistema, ID: null
[01/07/2016 19:36:05]: Usuário acessou tela de cadastro de cliente.
[01/07/2016 19:36:10]: Usuário acessou tela de cadastro de cliente.
[01/07/2016 19:36:14]: Usuário acessou tela de cadastro de imóveis.
[01/07/2016 19:36:18]: Usuário acessou tela de cadastro de imóveis.
[01/07/2016 19:36:34]: Usuário acessou tela de cadastro de cliente.
[01/07/2016 19:36:35]: Usuário acessou tela de cadastro de imóveis.
[01/07/2016 19:36:35]: Usuário acessou tela de cadastro de empreiteiras.
[01/07/2016 19:36:35]: Usuário acessou tela de cadastro de imóveis.
[01/07/2016 19:36:35]: Usuário acessou tela de cadastro de empreiteiras.
[01/07/2016 19:36:35]: Usuário acessou tela de cadastro de cliente.
[01/07/2016 19:36:35]: Usuário acessou tela de cadastro de empreiteiras.
[01/07/2016 19:36:35]: Usuário acessou tela de cadastro de cliente.
[01/07/2016 19:36:35]: Usuário acessou tela de cadastro de imóveis.
[01/07/2016 19:36:36]: Usuário acessou tela de cadastro de empreiteiras.
[01/07/2016 19:36:36]: Usuário acessou tela de cadastro de cliente.
[01/07/2016 19:36:36]: Usuário acessou tela de cadastro de empreiteiras.
[01/07/2016 19:36:36]: Usuário acessou tela de cadastro de imóveis.
[01/07/2016 19:36:36]: Usuário acessou tela de cadastro de cliente.
[01/07/2016 19:36:36]: Usuário acessou tela de cadastro de imóveis.
[01/07/2016 19:36:36]: Usuário acessou tela de cadastro de empreiteiras.
[01/07/2016 19:36:36]: Usuário acessou tela de cadastro de cliente.
[01/07/2016 19:36:37]: Usuário acessou tela de cadastro de imóveis.
[01/07/2016 19:36:37]: Usuário acessou tela de cadastro de empreiteiras.
[01/07/2016 19:36:37]: Usuário acessou tela de cadastro de cliente.
[01/07/2016 19:36:37]: Usuário acessou tela de cadastro de imóveis.
[01/07/2016 19:36:37]: Usuário acessou tela de cadastro de empreiteiras.
[01/07/2016 19:36:37]: Usuário acessou tela de cadastro de cliente.
[01/07/2016 19:36:37]: Usuário acessou tela de cadastro de imóveis.
[01/07/2016 19:36:37]: Usuário acessou tela de cadastro de empreiteiras.
[01/07/2016 19:36:38]: Usuário acessou tela de cadastro de cliente.
[01/07/2016 19:36:38]: Usuário acessou tela de cadastro de imóveis.
[01/07/2016 19:36:38]: Usuário acessou tela de cadastro de empreiteiras.
[01/07/2016 19:36:38]: Usuário acessou tela de cadastro de cliente.
[01/07/2016 19:36:38]: Usuário acessou tela de cadastro de imóveis.
[01/07/2016 19:36:38]: Usuário acessou tela de cadastro de empreiteiras.
[01/07/2016 19:36:38]: Usuário acessou tela de cadastro de cliente.
[01/07/2016 19:36:42]: Usuário acessou tela de cadastro de cliente.
[01/07/2016 19:36:42]: Usuário acessou tela de cadastro de imóveis.
[01/07/2016 19:36:43]: Usuário acessou tela de cadastro de empreiteiras.
[01/07/2016 19:36:43]: Usuário acessou tela de cadastro de cliente.
[01/07/2016 19:36:43]: Usuário acessou tela de cadastro de imóveis.
[01/07/2016 19:36:44]: Usuário acessou tela de cadastro de empreiteiras.
[01/07/2016 19:36:44]: Usuário acessou tela de cadastro de cliente.
[01/07/2016 19:36:44]: Usuário acessou tela de cadastro de imóveis.
[01/07/2016 19:37:28]: Novo login no sistema, ID: null
[01/07/2016 19:37:43]: Novo login no sistema, ID: null
[01/07/2016 19:37:59]: Novo login no sistema, ID: null
[01/07/2016 19:38:18]: Novo login no sistema, ID: null
[01/07/2016 19:38:36]: Novo login no sistema, ID: null
[01/07/2016 19:39:06]: Novo login no sistema, ID: null
[01/07/2016 19:39:07]: Usuário acessou tela de cadastro de cliente.
[01/07/2016 19:40:14]: Novo login no sistema, ID: asd
[01/07/2016 19:40:37]: Novo login no sistema, ID: asd
[01/07/2016 19:40:45]: Novo login no sistema, ID: asd
[01/07/2016 19:41:18]: Novo login no sistema, ID: asd
[01/07/2016 19:41:20]: Usuário acessou tela de cadastro de cliente.
[01/07/2016 19:41:35]: Novo login no sistema, ID: tres
[01/07/2016 19:42:07]: Novo login no sistema, ID: tres
[01/07/2016 19:42:08]: Usuário acessou tela de cadastro de cliente.
[01/07/2016 19:42:45]: Novo login no sistema, ID: tres
[01/07/2016 19:42:47]: Usuário acessou tela de cadastro de cliente.
[01/07/2016 19:43:33]: Novo login no sistema, ID: tres
[01/07/2016 19:43:34]: Usuário acessou tela de cadastro de cliente.
[01/07/2016 19:46:24]: Novo login no sistema, ID: tres
[01/07/2016 19:46:26]: Usuário acessou tela de cadastro de cliente.
[01/07/2016 19:46:37]: Usuário acessou tela de cadastro de imóveis.
[01/07/2016 19:46:40]: Usuário acessou tela de cadastro de empreiteiras.