
[03/06/2016 20:17:42]: Novo login no sistema, ID: admin
[03/06/2016 20:17:44]: Usuário acessou tela de cadastro de cliente.
[03/06/2016 20:21:21]: Novo login no sistema, ID: admin
[03/06/2016 20:21:23]: Usuário acessou tela de cadastro de imóveis.
[03/06/2016 20:21:27]: java.lang.NumberFormatException: empty String
	at sun.misc.FloatingDecimal.readJavaFormatString(FloatingDecimal.java:1842)
	at sun.misc.FloatingDecimal.parseFloat(FloatingDecimal.java:122)
	at java.lang.Float.parseFloat(Float.java:451)
	at br.unesc.topicos.movile.view.ImovelJIF.getFieldData(ImovelJIF.java:29)
	at br.unesc.topicos.movile.listener.ImovelListener.actionPerformed(ImovelListener.java:38)
	at javax.swing.AbstractButton.fireActionPerformed(AbstractButton.java:2022)
	at javax.swing.AbstractButton$Handler.actionPerformed(AbstractButton.java:2348)
	at javax.swing.DefaultButtonModel.fireActionPerformed(DefaultButtonModel.java:402)
	at javax.swing.DefaultButtonModel.setPressed(DefaultButtonModel.java:259)
	at javax.swing.plaf.basic.BasicButtonListener.mouseReleased(BasicButtonListener.java:252)
	at java.awt.Component.processMouseEvent(Component.java:6535)
	at javax.swing.JComponent.processMouseEvent(JComponent.java:3324)
	at java.awt.Component.processEvent(Component.java:6300)
	at java.awt.Container.processEvent(Container.java:2236)
	at java.awt.Component.dispatchEventImpl(Component.java:4891)
	at java.awt.Container.dispatchEventImpl(Container.java:2294)
	at java.awt.Component.dispatchEvent(Component.java:4713)
	at java.awt.LightweightDispatcher.retargetMouseEvent(Container.java:4888)
	at java.awt.LightweightDispatcher.processMouseEvent(Container.java:4525)
	at java.awt.LightweightDispatcher.dispatchEvent(Container.java:4466)
	at java.awt.Container.dispatchEventImpl(Container.java:2280)
	at java.awt.Window.dispatchEventImpl(Window.java:2750)
	at java.awt.Component.dispatchEvent(Component.java:4713)
	at java.awt.EventQueue.dispatchEventImpl(EventQueue.java:758)
	at java.awt.EventQueue.access$500(EventQueue.java:97)
	at java.awt.EventQueue$3.run(EventQueue.java:709)
	at java.awt.EventQueue$3.run(EventQueue.java:703)
	at java.security.AccessController.doPrivileged(Native Method)
	at java.security.ProtectionDomain$JavaSecurityAccessImpl.doIntersectionPrivilege(ProtectionDomain.java:76)
	at java.security.ProtectionDomain$JavaSecurityAccessImpl.doIntersectionPrivilege(ProtectionDomain.java:86)
	at java.awt.EventQueue$4.run(EventQueue.java:731)
	at java.awt.EventQueue$4.run(EventQueue.java:729)
	at java.security.AccessController.doPrivileged(Native Method)
	at java.security.ProtectionDomain$JavaSecurityAccessImpl.doIntersectionPrivilege(ProtectionDomain.java:76)
	at java.awt.EventQueue.dispatchEvent(EventQueue.java:728)
	at java.awt.EventDispatchThread.pumpOneEventForFilters(EventDispatchThread.java:201)
	at java.awt.EventDispatchThread.pumpEventsForFilter(EventDispatchThread.java:116)
	at java.awt.EventDispatchThread.pumpEventsForHierarchy(EventDispatchThread.java:105)
	at java.awt.EventDispatchThread.pumpEvents(EventDispatchThread.java:101)
	at java.awt.EventDispatchThread.pumpEvents(EventDispatchThread.java:93)
	at java.awt.EventDispatchThread.run(EventDispatchThread.java:82)

[03/06/2016 20:21:27]: Novo imóvel cadastrado.
[03/06/2016 20:22:13]: Novo login no sistema, ID: admin
[03/06/2016 20:22:14]: Usuário acessou tela de cadastro de cliente.
[03/06/2016 20:22:17]: java.lang.NumberFormatException: For input string: ""
	at java.lang.NumberFormatException.forInputString(NumberFormatException.java:65)
	at java.lang.Integer.parseInt(Integer.java:592)
	at java.lang.Integer.parseInt(Integer.java:615)
	at br.unesc.topicos.movile.view.ClienteJIF.getFieldData(ClienteJIF.java:34)
	at br.unesc.topicos.movile.listener.ClienteListener.actionPerformed(ClienteListener.java:40)
	at javax.swing.AbstractButton.fireActionPerformed(AbstractButton.java:2022)
	at javax.swing.AbstractButton$Handler.actionPerformed(AbstractButton.java:2348)
	at javax.swing.DefaultButtonModel.fireActionPerformed(DefaultButtonModel.java:402)
	at javax.swing.DefaultButtonModel.setPressed(DefaultButtonModel.java:259)
	at javax.swing.plaf.basic.BasicButtonListener.mouseReleased(BasicButtonListener.java:252)
	at java.awt.Component.processMouseEvent(Component.java:6535)
	at javax.swing.JComponent.processMouseEvent(JComponent.java:3324)
	at java.awt.Component.processEvent(Component.java:6300)
	at java.awt.Container.processEvent(Container.java:2236)
	at java.awt.Component.dispatchEventImpl(Component.java:4891)
	at java.awt.Container.dispatchEventImpl(Container.java:2294)
	at java.awt.Component.dispatchEvent(Component.java:4713)
	at java.awt.LightweightDispatcher.retargetMouseEvent(Container.java:4888)
	at java.awt.LightweightDispatcher.processMouseEvent(Container.java:4525)
	at java.awt.LightweightDispatcher.dispatchEvent(Container.java:4466)
	at java.awt.Container.dispatchEventImpl(Container.java:2280)
	at java.awt.Window.dispatchEventImpl(Window.java:2750)
	at java.awt.Component.dispatchEvent(Component.java:4713)
	at java.awt.EventQueue.dispatchEventImpl(EventQueue.java:758)
	at java.awt.EventQueue.access$500(EventQueue.java:97)
	at java.awt.EventQueue$3.run(EventQueue.java:709)
	at java.awt.EventQueue$3.run(EventQueue.java:703)
	at java.security.AccessController.doPrivileged(Native Method)
	at java.security.ProtectionDomain$JavaSecurityAccessImpl.doIntersectionPrivilege(ProtectionDomain.java:76)
	at java.security.ProtectionDomain$JavaSecurityAccessImpl.doIntersectionPrivilege(ProtectionDomain.java:86)
	at java.awt.EventQueue$4.run(EventQueue.java:731)
	at java.awt.EventQueue$4.run(EventQueue.java:729)
	at java.security.AccessController.doPrivileged(Native Method)
	at java.security.ProtectionDomain$JavaSecurityAccessImpl.doIntersectionPrivilege(ProtectionDomain.java:76)
	at java.awt.EventQueue.dispatchEvent(EventQueue.java:728)
	at java.awt.EventDispatchThread.pumpOneEventForFilters(EventDispatchThread.java:201)
	at java.awt.EventDispatchThread.pumpEventsForFilter(EventDispatchThread.java:116)
	at java.awt.EventDispatchThread.pumpEventsForHierarchy(EventDispatchThread.java:105)
	at java.awt.EventDispatchThread.pumpEvents(EventDispatchThread.java:101)
	at java.awt.EventDispatchThread.pumpEvents(EventDispatchThread.java:93)
	at java.awt.EventDispatchThread.run(EventDispatchThread.java:82)

[03/06/2016 20:25:07]: Novo login no sistema, ID: admin
[03/06/2016 20:25:09]: Usuário acessou tela de cadastro de cliente.
[03/06/2016 20:26:21]: Novo login no sistema, ID: admin
[03/06/2016 20:26:58]: Novo login no sistema, ID: admin
[03/06/2016 20:27:11]: Usuário acessou tela de cadastro de imóveis.
[03/06/2016 20:27:15]: Usuário acessou tela de cadastro de empreiteiras.
[03/06/2016 20:28:15]: Novo login no sistema, ID: admin
[03/06/2016 20:28:18]: Usuário acessou tela de cadastro de empreiteiras.
[03/06/2016 20:40:32]: Novo login no sistema, ID: admin
[03/06/2016 21:01:26]: Novo login no sistema, ID: admin
[03/06/2016 21:01:27]: Usuário acessou tela de cadastro de cliente.
[03/06/2016 21:02:22]: Novo login no sistema, ID: admin
[03/06/2016 21:02:24]: Usuário acessou tela de cadastro de cliente.
[03/06/2016 21:02:36]: Novo cliente cadastrado.
[03/06/2016 21:02:39]: Usuário acessou tela de cadastro de imóveis.
[03/06/2016 21:03:19]: Novo login no sistema, ID: admin
[03/06/2016 21:03:20]: Usuário acessou tela de cadastro de cliente.
[03/06/2016 21:03:38]: Novo login no sistema, ID: admin
[03/06/2016 21:03:40]: Usuário acessou tela de cadastro de cliente.
[03/06/2016 21:04:30]: Novo login no sistema, ID: admin
[03/06/2016 21:04:32]: Usuário acessou tela de cadastro de cliente.
[03/06/2016 21:05:49]: Novo login no sistema, ID: admin
[03/06/2016 21:05:51]: Usuário acessou tela de cadastro de cliente.
[03/06/2016 21:10:14]: Novo login no sistema, ID: admin
[03/06/2016 21:10:15]: Usuário acessou tela de cadastro de cliente.
[03/06/2016 21:10:38]: Novo login no sistema, ID: admin
[03/06/2016 21:10:40]: Usuário acessou tela de cadastro de cliente.
[03/06/2016 21:12:04]: Novo login no sistema, ID: admin
[03/06/2016 21:12:06]: Usuário acessou tela de cadastro de imóveis.
[03/06/2016 21:12:44]: Novo imóvel cadastrado.
[03/06/2016 21:13:19]: Novo login no sistema, ID: admin
[03/06/2016 21:13:21]: Usuário acessou tela de cadastro de cliente.
[03/06/2016 21:13:44]: Novo cliente cadastrado.
[03/06/2016 21:13:50]: Usuário acessou tela de cadastro de cliente.
[03/06/2016 21:14:07]: Novo cliente cadastrado.
[03/06/2016 21:14:20]: Novo login no sistema, ID: admin
[03/06/2016 21:14:22]: Usuário acessou tela de cadastro de cliente.
[03/06/2016 21:15:36]: Novo login no sistema, ID: admin
[03/06/2016 21:15:37]: Usuário acessou tela de cadastro de cliente.
[03/06/2016 21:16:50]: Novo login no sistema, ID: admin
[03/06/2016 21:16:52]: Usuário acessou tela de cadastro de cliente.
[03/06/2016 21:17:30]: Novo login no sistema, ID: admin
[03/06/2016 21:17:32]: Usuário acessou tela de cadastro de cliente.
[03/06/2016 21:19:17]: Novo login no sistema, ID: admin
[03/06/2016 21:19:19]: Usuário acessou tela de cadastro de cliente.
[03/06/2016 21:19:49]: Novo login no sistema, ID: admin
[03/06/2016 21:19:50]: Usuário acessou tela de cadastro de cliente.
[03/06/2016 21:20:42]: Novo login no sistema, ID: admin
[03/06/2016 21:20:44]: Usuário acessou tela de cadastro de cliente.
[03/06/2016 21:20:46]: Novo cliente cadastrado.
[03/06/2016 21:20:48]: Usuário acessou tela de cadastro de cliente.
[03/06/2016 21:22:11]: Novo login no sistema, ID: admin
[03/06/2016 21:22:12]: Usuário acessou tela de cadastro de cliente.
[03/06/2016 21:22:15]: Novo cliente cadastrado.
[03/06/2016 21:22:17]: Usuário acessou tela de cadastro de cliente.
[03/06/2016 21:22:19]: Novo cliente cadastrado.
[03/06/2016 21:22:23]: Usuário acessou tela de cadastro de cliente.
[03/06/2016 21:23:50]: Novo login no sistema, ID: admin
[03/06/2016 21:23:51]: Usuário acessou tela de cadastro de cliente.
[03/06/2016 21:24:08]: Novo login no sistema, ID: admin
[03/06/2016 21:24:10]: Usuário acessou tela de cadastro de cliente.
[03/06/2016 21:24:40]: Novo login no sistema, ID: admin
[03/06/2016 21:24:41]: Usuário acessou tela de cadastro de cliente.
[03/06/2016 21:25:11]: Novo login no sistema, ID: admin
[03/06/2016 21:25:14]: Usuário acessou tela de cadastro de cliente.
[03/06/2016 21:25:16]: Novo cliente cadastrado.
[03/06/2016 21:25:18]: Usuário acessou tela de cadastro de cliente.
[03/06/2016 21:25:26]: Novo cliente cadastrado.
[03/06/2016 21:25:27]: Usuário acessou tela de cadastro de cliente.
[03/06/2016 21:28:14]: Novo login no sistema, ID: admin
[03/06/2016 21:28:15]: Usuário acessou tela de cadastro de cliente.
[03/06/2016 21:28:19]: Novo cliente cadastrado.
[03/06/2016 21:28:20]: Usuário acessou tela de cadastro de cliente.
[03/06/2016 21:28:26]: Novo cliente cadastrado.
[03/06/2016 21:28:27]: Usuário acessou tela de cadastro de cliente.
[03/06/2016 21:29:02]: Novo login no sistema, ID: admin
[03/06/2016 21:29:04]: Usuário acessou tela de cadastro de imóveis.